C:\Program Files (x86)\Microsoft Visual Studio\2019\Community\MSBuild\Microsoft\VC\v160\Microsoft.CppCommon.targets(39,5): warning MSB4211: Свойству "IntermediateOutputPath" в первый раз присваивается значение, но оно уже было использовано в "C:\Program Files (x86)\Microsoft Visual Studio\2019\Community\MSBuild\Microsoft\VC\v160\Microsoft.CppCommon.targets (38,5)".
C:\Program Files (x86)\Microsoft Visual Studio\2019\Community\MSBuild\Microsoft\VC\v160\Microsoft.BuildSteps.Targets(30,5): warning MSB4211: Свойству "DebugType" в первый раз присваивается значение, но оно уже было использовано в "C:\Program Files (x86)\Microsoft Visual Studio\2019\Community\MSBuild\Microsoft\VC\v160\Microsoft.BuildSteps.Targets (29,5)".
C:\Program Files (x86)\Microsoft Visual Studio\2019\Community\MSBuild\Current\Bin\Microsoft.Common.CurrentVersion.targets(373,5): warning MSB4211: Свойству "CleanFile" в первый раз присваивается значение, но оно уже было использовано в "C:\Program Files (x86)\Microsoft Visual Studio\2019\Community\MSBuild\Microsoft\VC\v160\Microsoft.CppCommon.targets (38,5)".
cl : командная строка warning D9035: использование параметра "Gm" нежелательно, он будет удален в следующих выпусках
  zutil.c
  zip.c
  unzip.c
  uncompr.c
  trees.c
  infutil.c
  inftrees.c
  inflate.c
  inffast.c
  infcodes.c
  infblock.c
  gzio.c
  deflate.c
  crc32.c
  compress.c
  adler32.c
  Создание кода...
  ZLib.vcxproj -> D:\Projects\Smartphones\DizzyAGE\dizzyage_src_v24\Libs\zlib\!Out\Debug\ZLib.lib
  Скопировано файлов:         1.
